c:\users\zz\desktop\tes\translatefile\trancefile001\trancefile001\release\trancefile001.pch
c:\users\zz\desktop\tes\translatefile\trancefile001\trancefile001\release\vc120.pdb
c:\users\zz\desktop\tes\translatefile\trancefile001\trancefile001\release\stdafx.obj
c:\users\zz\desktop\tes\translatefile\trancefile001\trancefile001\release\trancefile001dlg.obj
c:\users\zz\desktop\tes\translatefile\trancefile001\trancefile001\release\trancefile001.obj
c:\users\zz\desktop\tes\translatefile\trancefile001\trancefile001\release\trancedialog.obj
c:\users\zz\desktop\tes\translatefile\trancefile001\trancefile001\release\closerserver.obj
c:\users\zz\desktop\tes\translatefile\trancefile001\trancefile001\release\chooser.obj
c:\users\zz\desktop\tes\translatefile\trancefile001\release\trancefile001.exe
c:\users\zz\desktop\tes\translatefile\trancefile001\release\trancefile001.pdb
c:\users\zz\desktop\tes\translatefile\trancefile001\trancefile001\release\trancefile001.res
c:\users\zz\desktop\tes\translatefile\trancefile001\trancefile001\release\trancefile001.tlog\cl.command.1.tlog
c:\users\zz\desktop\tes\translatefile\trancefile001\trancefile001\release\trancefile001.tlog\cl.read.1.tlog
c:\users\zz\desktop\tes\translatefile\trancefile001\trancefile001\release\trancefile001.tlog\cl.write.1.tlog
c:\users\zz\desktop\tes\translatefile\trancefile001\trancefile001\release\trancefile001.tlog\link.command.1.tlog
c:\users\zz\desktop\tes\translatefile\trancefile001\trancefile001\release\trancefile001.tlog\link.read.1.tlog
c:\users\zz\desktop\tes\translatefile\trancefile001\trancefile001\release\trancefile001.tlog\link.write.1.tlog
c:\users\zz\desktop\tes\translatefile\trancefile001\trancefile001\release\trancefile001.tlog\rc.command.1.tlog
c:\users\zz\desktop\tes\translatefile\trancefile001\trancefile001\release\trancefile001.tlog\rc.read.1.tlog
c:\users\zz\desktop\tes\translatefile\trancefile001\trancefile001\release\trancefile001.tlog\rc.write.1.tlog
